# JRE version: Java(TM) SE Runtime Environment (7.0_71-b14) (build 1.7.0_71-b14)
# Java VM: Java HotSpot(TM) Client VM (24.71-b01 mixed mode windows-x86 )
Heap
 par new generation   total 18432K, used 13257K [0x04800000, 0x05c00000, 0x0f2a0000)
  eden space 16384K,  68% used [0x04800000, 0x05307000, 0x05800000)
  from space 2048K,  95% used [0x05a00000, 0x05beb660, 0x05c00000)
  to   space 2048K,   0% used [0x05800000, 0x05800000, 0x05a00000)
 concurrent mark-sweep generation total 56668K, used 49334K [0x0f2a0000, 0x129f7000, 0x24800000)
 concurrent-mark-sweep perm gen total 65536K, used 50275K [0x24800000, 0x28800000, 0x28800000)
GC Heap History (10 events):
Event: 481.042 GC heap before
{Heap before GC invocations=90 (full 24):
 par new generation   total 18432K, used 18432K [0x04800000, 0x05c00000, 0x0f2a0000)
  eden space 16384K, 100% used [0x04800000, 0x05800000, 0x05800000)
  from space 2048K, 100% used [0x05800000, 0x05a00000, 0x05a00000)
  to   space 2048K,   0% used [0x05a00000, 0x05a00000, 0x05c00000)
 concurrent mark-sweep generation total 56668K, used 39514K [0x0f2a0000, 0x129f7000, 0x24800000)
 concurrent-mark-sweep perm gen total 65536K, used 48891K [0x24800000, 0x28800000, 0x28800000)
Event: 481.046 GC heap after
Heap after GC invocations=91 (full 24):
 par new generation   total 18432K, used 2048K [0x04800000, 0x05c00000, 0x0f2a0000)
  eden space 16384K,   0% used [0x04800000, 0x04800000, 0x05800000)
  from space 2048K, 100% used [0x05a00000, 0x05c00000, 0x05c00000)
  to   space 2048K,   0% used [0x05800000, 0x05800000, 0x05a00000)
 concurrent mark-sweep generation total 56668K, used 41617K [0x0f2a0000, 0x129f7000, 0x24800000)
 concurrent-mark-sweep perm gen total 65536K, used 48891K [0x24800000, 0x28800000, 0x28800000)
}
Event: 481.282 GC heap before
{Heap before GC invocations=91 (full 24):
 par new generation   total 18432K, used 18432K [0x04800000, 0x05c00000, 0x0f2a0000)
  eden space 16384K, 100% used [0x04800000, 0x05800000, 0x05800000)
  from space 2048K, 100% used [0x05a00000, 0x05c00000, 0x05c00000)
  to   space 2048K,   0% used [0x05800000, 0x05800000, 0x05a00000)
 concurrent mark-sweep generation total 56668K, used 41617K [0x0f2a0000, 0x129f7000, 0x24800000)
 concurrent-mark-sweep perm gen total 65536K, used 49780K [0x24800000, 0x28800000, 0x28800000)
Event: 481.285 GC heap after
Heap after GC invocations=92 (full 24):
 par new generation   total 18432K, used 2048K [0x04800000, 0x05c00000, 0x0f2a0000)
  eden space 16384K,   0% used [0x04800000, 0x04800000, 0x05800000)
  from space 2048K, 100% used [0x05800000, 0x05a00000, 0x05a00000)
  to   space 2048K,   0% used [0x05a00000, 0x05a00000, 0x05c00000)
 concurrent mark-sweep generation total 56668K, used 43035K [0x0f2a0000, 0x129f7000, 0x24800000)
 concurrent-mark-sweep perm gen total 65536K, used 49780K [0x24800000, 0x28800000, 0x28800000)
}
Event: 483.670 GC heap before
{Heap before GC invocations=92 (full 24):
 par new generation   total 18432K, used 18432K [0x04800000, 0x05c00000, 0x0f2a0000)
  eden space 16384K, 100% used [0x04800000, 0x05800000, 0x05800000)
  from space 2048K, 100% used [0x05800000, 0x05a00000, 0x05a00000)
  to   space 2048K,   0% used [0x05a00000, 0x05a00000, 0x05c00000)
 concurrent mark-sweep generation total 56668K, used 43035K [0x0f2a0000, 0x129f7000, 0x24800000)
 concurrent-mark-sweep perm gen total 65536K, used 49917K [0x24800000, 0x28800000, 0x28800000)
Event: 483.674 GC heap after
Heap after GC invocations=93 (full 24):
 par new generation   total 18432K, used 2048K [0x04800000, 0x05c00000, 0x0f2a0000)
  eden space 16384K,   0% used [0x04800000, 0x04800000, 0x05800000)
  from space 2048K, 100% used [0x05a00000, 0x05c00000, 0x05c00000)
  to   space 2048K,   0% used [0x05800000, 0x05800000, 0x05a00000)
 concurrent mark-sweep generation total 56668K, used 44746K [0x0f2a0000, 0x129f7000, 0x24800000)
 concurrent-mark-sweep perm gen total 65536K, used 49917K [0x24800000, 0x28800000, 0x28800000)
}
Event: 504.447 GC heap before
{Heap before GC invocations=93 (full 24):
 par new generation   total 18432K, used 18432K [0x04800000, 0x05c00000, 0x0f2a0000)
  eden space 16384K, 100% used [0x04800000, 0x05800000, 0x05800000)
  from space 2048K, 100% used [0x05a00000, 0x05c00000, 0x05c00000)
  to   space 2048K,   0% used [0x05800000, 0x05800000, 0x05a00000)
 concurrent mark-sweep generation total 56668K, used 44746K [0x0f2a0000, 0x129f7000, 0x24800000)
 concurrent-mark-sweep perm gen total 65536K, used 49917K [0x24800000, 0x28800000, 0x28800000)
Event: 504.453 GC heap after
Heap after GC invocations=94 (full 24):
 par new generation   total 18432K, used 2048K [0x04800000, 0x05c00000, 0x0f2a0000)
  eden space 16384K,   0% used [0x04800000, 0x04800000, 0x05800000)
  from space 2048K, 100% used [0x05800000, 0x05a00000, 0x05a00000)
  to   space 2048K,   0% used [0x05a00000, 0x05a00000, 0x05c00000)
 concurrent mark-sweep generation total 56668K, used 47308K [0x0f2a0000, 0x129f7000, 0x24800000)
 concurrent-mark-sweep perm gen total 65536K, used 49917K [0x24800000, 0x28800000, 0x28800000)
}
Event: 3174.625 GC heap before
{Heap before GC invocations=94 (full 24):
 par new generation   total 18432K, used 18432K [0x04800000, 0x05c00000, 0x0f2a0000)
  eden space 16384K, 100% used [0x04800000, 0x05800000, 0x05800000)
  from space 2048K, 100% used [0x05800000, 0x05a00000, 0x05a00000)
  to   space 2048K,   0% used [0x05a00000, 0x05a00000, 0x05c00000)
 concurrent mark-sweep generation total 56668K, used 47308K [0x0f2a0000, 0x129f7000, 0x24800000)
 concurrent-mark-sweep perm gen total 65536K, used 49918K [0x24800000, 0x28800000, 0x28800000)
Event: 3174.629 GC heap after
Heap after GC invocations=95 (full 24):
 par new generation   total 18432K, used 1965K [0x04800000, 0x05c00000, 0x0f2a0000)
  eden space 16384K,   0% used [0x04800000, 0x04800000, 0x05800000)
  from space 2048K,  95% used [0x05a00000, 0x05beb660, 0x05c00000)
  to   space 2048K,   0% used [0x05800000, 0x05800000, 0x05a00000)
 concurrent mark-sweep generation total 56668K, used 49334K [0x0f2a0000, 0x129f7000, 0x24800000)
 concurrent-mark-sweep perm gen total 65536K, used 49918K [0x24800000, 0x28800000, 0x28800000)
}

